<?xml version="1.0" encoding="UTF-8"?>
<!-- Generated by org.testng.reporters.JUnitReportReporter -->
<testsuite hostname="CPDK060" failures="0" tests="1" name="com.apitesting.MITHomePage" time="1.508" errors="0" timestamp="2024-07-05T15:32:44 IST" skipped="0">
  <testcase classname="com.apitesting.MITHomePage" name="PUTRequest" time="1.508"/>
</testsuite> <!-- com.apitesting.MITHomePage -->
