<?xml version="1.0" encoding="UTF-8"?>
<!-- Generated by org.testng.reporters.JUnitReportReporter -->
<testsuite hostname="CPDK060" failures="0" tests="1" name="com.apitesting.PutPatychAndDeleteRequest" time="2.121" errors="0" timestamp="2024-07-05T15:10:39 IST" skipped="0">
  <testcase classname="com.apitesting.PutPatychAndDeleteRequest" name="PUTRequest" time="2.121"/>
</testsuite> <!-- com.apitesting.PutPatychAndDeleteRequest -->
