<?xml version="1.0" encoding="UTF-8"?>
<!-- Generated by org.testng.reporters.JUnitReportReporter -->
<testsuite hostname="CPDK060" failures="0" tests="1" name="com.apitesting.FirstTest" time="2.468" errors="0" timestamp="2024-07-05T12:17:17 IST" skipped="0">
  <testcase classname="com.apitesting.FirstTest" name="GETApiTest2" time="2.468"/>
</testsuite> <!-- com.apitesting.FirstTest -->
